# Logfile created on 2014-01-07 22:58:25 +0800 by logger.rb/31641
E, [2014-01-07T22:58:25.822193 #8205] ERROR -- : Gem::Installer::ExtensionBuildError: ERROR: Failed to build gem native extension.

        /usr/bin/ruby1.9.1 extconf.rb 
/usr/lib/ruby/1.9.1/rubygems/custom_require.rb:36:in `require': cannot load such file -- mkmf (LoadError)
	from /usr/lib/ruby/1.9.1/rubygems/custom_require.rb:36:in `require'
	from extconf.rb:1:in `<main>'


Gem files will remain installed in /home/xiaominglui/.bundler/tmp/8205/gems/RedCloth-4.2.9 for inspection.
Results logged to /home/xiaominglui/.bundler/tmp/8205/gems/RedCloth-4.2.9/ext/redcloth_scan/gem_make.out

/usr/lib/ruby/1.9.1/rubygems/installer.rb:556:in `rescue in block in build_extensions'  \n/usr/lib/ruby/1.9.1/rubygems/installer.rb:534:in `block in build_extensions'  \n/usr/lib/ruby/1.9.1/rubygems/installer.rb:509:in `each'  \n/usr/lib/ruby/1.9.1/rubygems/installer.rb:509:in `build_extensions'  \n/usr/lib/ruby/1.9.1/rubygems/installer.rb:180:in `install'  \n/var/lib/gems/1.9.1/gems/bundler-1.5.1/lib/bundler/source/rubygems.rb:95:in `block in install'  \n/var/lib/gems/1.9.1/gems/bundler-1.5.1/lib/bundler/rubygems_integration.rb:118:in `preserve_paths'  \n/var/lib/gems/1.9.1/gems/bundler-1.5.1/lib/bundler/source/rubygems.rb:94:in `install'  \n/var/lib/gems/1.9.1/gems/bundler-1.5.1/lib/bundler/installer.rb:111:in `block in install_gem_from_spec'  \n/var/lib/gems/1.9.1/gems/bundler-1.5.1/lib/bundler/rubygems_integration.rb:150:in `with_build_args'  \n/var/lib/gems/1.9.1/gems/bundler-1.5.1/lib/bundler/installer.rb:110:in `install_gem_from_spec'  \n/var/lib/gems/1.9.1/gems/bundler-1.5.1/lib/bundler/installer.rb:295:in `block in install_sequentially'  \n/usr/lib/ruby/1.9.1/forwardable.rb:201:in `each'  \n/usr/lib/ruby/1.9.1/forwardable.rb:201:in `each'  \n/var/lib/gems/1.9.1/gems/bundler-1.5.1/lib/bundler/installer.rb:294:in `install_sequentially'  \n/var/lib/gems/1.9.1/gems/bundler-1.5.1/lib/bundler/installer.rb:97:in `run'  \n/var/lib/gems/1.9.1/gems/bundler-1.5.1/lib/bundler/installer.rb:15:in `install'  \n/var/lib/gems/1.9.1/gems/bundler-1.5.1/lib/bundler/cli.rb:257:in `install'  \n/var/lib/gems/1.9.1/gems/bundler-1.5.1/lib/bundler/vendor/thor/command.rb:27:in `run'  \n/var/lib/gems/1.9.1/gems/bundler-1.5.1/lib/bundler/vendor/thor/invocation.rb:120:in `invoke_command'  \n/var/lib/gems/1.9.1/gems/bundler-1.5.1/lib/bundler/vendor/thor.rb:363:in `dispatch'  \n/var/lib/gems/1.9.1/gems/bundler-1.5.1/lib/bundler/vendor/thor/base.rb:438:in `start'  \n/var/lib/gems/1.9.1/gems/bundler-1.5.1/lib/bundler/cli.rb:10:in `start'  \n/var/lib/gems/1.9.1/gems/bundler-1.5.1/bin/bundle:22:in `block in <top (required)>'  \n/var/lib/gems/1.9.1/gems/bundler-1.5.1/lib/bundler/friendly_errors.rb:5:in `with_friendly_errors'  \n/var/lib/gems/1.9.1/gems/bundler-1.5.1/bin/bundle:22:in `<top (required)>'  \n/usr/local/bin/bundle:23:in `load'  \n/usr/local/bin/bundle:23:in `<main>'
E, [2014-01-07T23:05:27.202088 #8229] ERROR -- : Gem::Installer::ExtensionBuildError: ERROR: Failed to build gem native extension.

        /usr/bin/ruby1.9.1 extconf.rb 
/usr/lib/ruby/1.9.1/rubygems/custom_require.rb:36:in `require': cannot load such file -- mkmf (LoadError)
	from /usr/lib/ruby/1.9.1/rubygems/custom_require.rb:36:in `require'
	from extconf.rb:1:in `<main>'


Gem files will remain installed in /home/xiaominglui/.bundler/tmp/8229/gems/RedCloth-4.2.9 for inspection.
Results logged to /home/xiaominglui/.bundler/tmp/8229/gems/RedCloth-4.2.9/ext/redcloth_scan/gem_make.out

/usr/lib/ruby/1.9.1/rubygems/installer.rb:556:in `rescue in block in build_extensions'  \n/usr/lib/ruby/1.9.1/rubygems/installer.rb:534:in `block in build_extensions'  \n/usr/lib/ruby/1.9.1/rubygems/installer.rb:509:in `each'  \n/usr/lib/ruby/1.9.1/rubygems/installer.rb:509:in `build_extensions'  \n/usr/lib/ruby/1.9.1/rubygems/installer.rb:180:in `install'  \n/var/lib/gems/1.9.1/gems/bundler-1.5.1/lib/bundler/source/rubygems.rb:95:in `block in install'  \n/var/lib/gems/1.9.1/gems/bundler-1.5.1/lib/bundler/rubygems_integration.rb:118:in `preserve_paths'  \n/var/lib/gems/1.9.1/gems/bundler-1.5.1/lib/bundler/source/rubygems.rb:94:in `install'  \n/var/lib/gems/1.9.1/gems/bundler-1.5.1/lib/bundler/installer.rb:111:in `block in install_gem_from_spec'  \n/var/lib/gems/1.9.1/gems/bundler-1.5.1/lib/bundler/rubygems_integration.rb:150:in `with_build_args'  \n/var/lib/gems/1.9.1/gems/bundler-1.5.1/lib/bundler/installer.rb:110:in `install_gem_from_spec'  \n/var/lib/gems/1.9.1/gems/bundler-1.5.1/lib/bundler/installer.rb:295:in `block in install_sequentially'  \n/usr/lib/ruby/1.9.1/forwardable.rb:201:in `each'  \n/usr/lib/ruby/1.9.1/forwardable.rb:201:in `each'  \n/var/lib/gems/1.9.1/gems/bundler-1.5.1/lib/bundler/installer.rb:294:in `install_sequentially'  \n/var/lib/gems/1.9.1/gems/bundler-1.5.1/lib/bundler/installer.rb:97:in `run'  \n/var/lib/gems/1.9.1/gems/bundler-1.5.1/lib/bundler/installer.rb:15:in `install'  \n/var/lib/gems/1.9.1/gems/bundler-1.5.1/lib/bundler/cli.rb:257:in `install'  \n/var/lib/gems/1.9.1/gems/bundler-1.5.1/lib/bundler/vendor/thor/command.rb:27:in `run'  \n/var/lib/gems/1.9.1/gems/bundler-1.5.1/lib/bundler/vendor/thor/invocation.rb:120:in `invoke_command'  \n/var/lib/gems/1.9.1/gems/bundler-1.5.1/lib/bundler/vendor/thor.rb:363:in `dispatch'  \n/var/lib/gems/1.9.1/gems/bundler-1.5.1/lib/bundler/vendor/thor/base.rb:438:in `start'  \n/var/lib/gems/1.9.1/gems/bundler-1.5.1/lib/bundler/cli.rb:10:in `start'  \n/var/lib/gems/1.9.1/gems/bundler-1.5.1/bin/bundle:22:in `block in <top (required)>'  \n/var/lib/gems/1.9.1/gems/bundler-1.5.1/lib/bundler/friendly_errors.rb:5:in `with_friendly_errors'  \n/var/lib/gems/1.9.1/gems/bundler-1.5.1/bin/bundle:22:in `<top (required)>'  \n/usr/local/bin/bundle:23:in `load'  \n/usr/local/bin/bundle:23:in `<main>'
E, [2014-01-08T10:27:32.446830 #7406] ERROR -- : Gem::Installer::ExtensionBuildError: ERROR: Failed to build gem native extension.

        /usr/bin/ruby1.9.1 extconf.rb 
/usr/lib/ruby/1.9.1/rubygems/custom_require.rb:36:in `require': cannot load such file -- mkmf (LoadError)
	from /usr/lib/ruby/1.9.1/rubygems/custom_require.rb:36:in `require'
	from extconf.rb:1:in `<main>'


Gem files will remain installed in /home/xiaominglui/.bundler/tmp/7406/gems/RedCloth-4.2.9 for inspection.
Results logged to /home/xiaominglui/.bundler/tmp/7406/gems/RedCloth-4.2.9/ext/redcloth_scan/gem_make.out

/usr/lib/ruby/1.9.1/rubygems/installer.rb:556:in `rescue in block in build_extensions'  \n/usr/lib/ruby/1.9.1/rubygems/installer.rb:534:in `block in build_extensions'  \n/usr/lib/ruby/1.9.1/rubygems/installer.rb:509:in `each'  \n/usr/lib/ruby/1.9.1/rubygems/installer.rb:509:in `build_extensions'  \n/usr/lib/ruby/1.9.1/rubygems/installer.rb:180:in `install'  \n/var/lib/gems/1.9.1/gems/bundler-1.5.1/lib/bundler/source/rubygems.rb:95:in `block in install'  \n/var/lib/gems/1.9.1/gems/bundler-1.5.1/lib/bundler/rubygems_integration.rb:118:in `preserve_paths'  \n/var/lib/gems/1.9.1/gems/bundler-1.5.1/lib/bundler/source/rubygems.rb:94:in `install'  \n/var/lib/gems/1.9.1/gems/bundler-1.5.1/lib/bundler/installer.rb:111:in `block in install_gem_from_spec'  \n/var/lib/gems/1.9.1/gems/bundler-1.5.1/lib/bundler/rubygems_integration.rb:150:in `with_build_args'  \n/var/lib/gems/1.9.1/gems/bundler-1.5.1/lib/bundler/installer.rb:110:in `install_gem_from_spec'  \n/var/lib/gems/1.9.1/gems/bundler-1.5.1/lib/bundler/installer.rb:295:in `block in install_sequentially'  \n/usr/lib/ruby/1.9.1/forwardable.rb:201:in `each'  \n/usr/lib/ruby/1.9.1/forwardable.rb:201:in `each'  \n/var/lib/gems/1.9.1/gems/bundler-1.5.1/lib/bundler/installer.rb:294:in `install_sequentially'  \n/var/lib/gems/1.9.1/gems/bundler-1.5.1/lib/bundler/installer.rb:97:in `run'  \n/var/lib/gems/1.9.1/gems/bundler-1.5.1/lib/bundler/installer.rb:15:in `install'  \n/var/lib/gems/1.9.1/gems/bundler-1.5.1/lib/bundler/cli.rb:257:in `install'  \n/var/lib/gems/1.9.1/gems/bundler-1.5.1/lib/bundler/vendor/thor/command.rb:27:in `run'  \n/var/lib/gems/1.9.1/gems/bundler-1.5.1/lib/bundler/vendor/thor/invocation.rb:120:in `invoke_command'  \n/var/lib/gems/1.9.1/gems/bundler-1.5.1/lib/bundler/vendor/thor.rb:363:in `dispatch'  \n/var/lib/gems/1.9.1/gems/bundler-1.5.1/lib/bundler/vendor/thor/base.rb:438:in `start'  \n/var/lib/gems/1.9.1/gems/bundler-1.5.1/lib/bundler/cli.rb:10:in `start'  \n/var/lib/gems/1.9.1/gems/bundler-1.5.1/bin/bundle:22:in `block in <top (required)>'  \n/var/lib/gems/1.9.1/gems/bundler-1.5.1/lib/bundler/friendly_errors.rb:5:in `with_friendly_errors'  \n/var/lib/gems/1.9.1/gems/bundler-1.5.1/bin/bundle:22:in `<top (required)>'  \n/usr/local/bin/bundle:23:in `load'  \n/usr/local/bin/bundle:23:in `<main>'
E, [2014-01-08T10:28:12.574944 #7420] ERROR -- : Gem::Installer::ExtensionBuildError: ERROR: Failed to build gem native extension.

        /usr/bin/ruby1.9.1 extconf.rb 
/usr/lib/ruby/1.9.1/rubygems/custom_require.rb:36:in `require': cannot load such file -- mkmf (LoadError)
	from /usr/lib/ruby/1.9.1/rubygems/custom_require.rb:36:in `require'
	from extconf.rb:1:in `<main>'


Gem files will remain installed in /var/lib/gems/1.9.1/gems/RedCloth-4.2.9 for inspection.
Results logged to /var/lib/gems/1.9.1/gems/RedCloth-4.2.9/ext/redcloth_scan/gem_make.out

/usr/lib/ruby/1.9.1/rubygems/installer.rb:556:in `rescue in block in build_extensions'  \n/usr/lib/ruby/1.9.1/rubygems/installer.rb:534:in `block in build_extensions'  \n/usr/lib/ruby/1.9.1/rubygems/installer.rb:509:in `each'  \n/usr/lib/ruby/1.9.1/rubygems/installer.rb:509:in `build_extensions'  \n/usr/lib/ruby/1.9.1/rubygems/installer.rb:180:in `install'  \n/var/lib/gems/1.9.1/gems/bundler-1.5.1/lib/bundler/source/rubygems.rb:95:in `block in install'  \n/var/lib/gems/1.9.1/gems/bundler-1.5.1/lib/bundler/rubygems_integration.rb:118:in `preserve_paths'  \n/var/lib/gems/1.9.1/gems/bundler-1.5.1/lib/bundler/source/rubygems.rb:94:in `install'  \n/var/lib/gems/1.9.1/gems/bundler-1.5.1/lib/bundler/installer.rb:111:in `block in install_gem_from_spec'  \n/var/lib/gems/1.9.1/gems/bundler-1.5.1/lib/bundler/rubygems_integration.rb:150:in `with_build_args'  \n/var/lib/gems/1.9.1/gems/bundler-1.5.1/lib/bundler/installer.rb:110:in `install_gem_from_spec'  \n/var/lib/gems/1.9.1/gems/bundler-1.5.1/lib/bundler/installer.rb:295:in `block in install_sequentially'  \n/usr/lib/ruby/1.9.1/forwardable.rb:201:in `each'  \n/usr/lib/ruby/1.9.1/forwardable.rb:201:in `each'  \n/var/lib/gems/1.9.1/gems/bundler-1.5.1/lib/bundler/installer.rb:294:in `install_sequentially'  \n/var/lib/gems/1.9.1/gems/bundler-1.5.1/lib/bundler/installer.rb:97:in `run'  \n/var/lib/gems/1.9.1/gems/bundler-1.5.1/lib/bundler/installer.rb:15:in `install'  \n/var/lib/gems/1.9.1/gems/bundler-1.5.1/lib/bundler/cli.rb:257:in `install'  \n/var/lib/gems/1.9.1/gems/bundler-1.5.1/lib/bundler/vendor/thor/command.rb:27:in `run'  \n/var/lib/gems/1.9.1/gems/bundler-1.5.1/lib/bundler/vendor/thor/invocation.rb:120:in `invoke_command'  \n/var/lib/gems/1.9.1/gems/bundler-1.5.1/lib/bundler/vendor/thor.rb:363:in `dispatch'  \n/var/lib/gems/1.9.1/gems/bundler-1.5.1/lib/bundler/vendor/thor/base.rb:438:in `start'  \n/var/lib/gems/1.9.1/gems/bundler-1.5.1/lib/bundler/cli.rb:10:in `start'  \n/var/lib/gems/1.9.1/gems/bundler-1.5.1/bin/bundle:22:in `block in <top (required)>'  \n/var/lib/gems/1.9.1/gems/bundler-1.5.1/lib/bundler/friendly_errors.rb:5:in `with_friendly_errors'  \n/var/lib/gems/1.9.1/gems/bundler-1.5.1/bin/bundle:22:in `<top (required)>'  \n/usr/local/bin/bundle:23:in `load'  \n/usr/local/bin/bundle:23:in `<main>'
I, [2014-01-08T10:32:31.478182 #8507]  INFO -- : 0:  RedCloth (4.2.9) from /var/lib/gems/1.9.1/specifications/RedCloth-4.2.9.gemspec
I, [2014-01-08T10:32:34.047331 #8507]  INFO -- : 0:  blankslate (2.1.2.4) from /var/lib/gems/1.9.1/specifications/blankslate-2.1.2.4.gemspec
I, [2014-01-08T10:32:37.191663 #8507]  INFO -- : 0:  fast-stemmer (1.0.2) from /var/lib/gems/1.9.1/specifications/fast-stemmer-1.0.2.gemspec
I, [2014-01-08T10:32:39.920881 #8507]  INFO -- : 0:  classifier (1.3.4) from /var/lib/gems/1.9.1/specifications/classifier-1.3.4.gemspec
I, [2014-01-08T10:32:42.720564 #8507]  INFO -- : 0:  colorator (0.1) from /var/lib/gems/1.9.1/specifications/colorator-0.1.gemspec
I, [2014-01-08T10:32:48.262216 #8507]  INFO -- : 0:  highline (1.6.20) from /var/lib/gems/1.9.1/specifications/highline-1.6.20.gemspec
I, [2014-01-08T10:32:51.536445 #8507]  INFO -- : 0:  commander (4.1.5) from /var/lib/gems/1.9.1/specifications/commander-4.1.5.gemspec
I, [2014-01-08T10:33:18.429373 #8507]  INFO -- : 0:  ffi (1.9.3) from /var/lib/gems/1.9.1/specifications/ffi-1.9.3.gemspec
I, [2014-01-08T10:33:21.731338 #8507]  INFO -- : 0:  liquid (2.5.4) from /var/lib/gems/1.9.1/specifications/liquid-2.5.4.gemspec
I, [2014-01-08T10:33:26.862338 #8507]  INFO -- : 0:  rb-fsevent (0.9.4) from /var/lib/gems/1.9.1/specifications/rb-fsevent-0.9.4.gemspec
I, [2014-01-08T10:33:32.322263 #8507]  INFO -- : 0:  rb-inotify (0.9.3) from /var/lib/gems/1.9.1/specifications/rb-inotify-0.9.3.gemspec
I, [2014-01-08T10:33:35.010464 #8507]  INFO -- : 0:  rb-kqueue (0.2.0) from /var/lib/gems/1.9.1/specifications/rb-kqueue-0.2.0.gemspec
I, [2014-01-08T10:33:42.277194 #8507]  INFO -- : 0:  listen (1.3.1) from /var/lib/gems/1.9.1/specifications/listen-1.3.1.gemspec
I, [2014-01-08T10:33:46.807302 #8507]  INFO -- : 0:  maruku (0.7.0) from /var/lib/gems/1.9.1/specifications/maruku-0.7.0.gemspec
I, [2014-01-08T10:33:49.083268 #8507]  INFO -- : 0:  posix-spawn (0.3.8) from /var/lib/gems/1.9.1/specifications/posix-spawn-0.3.8.gemspec
I, [2014-01-08T10:34:03.549564 #8507]  INFO -- : 0:  yajl-ruby (1.1.0) from /var/lib/gems/1.9.1/specifications/yajl-ruby-1.1.0.gemspec
I, [2014-01-08T10:34:33.654129 #8507]  INFO -- : 0:  pygments.rb (0.5.4) from /var/lib/gems/1.9.1/specifications/pygments.rb-0.5.4.gemspec
I, [2014-01-08T10:34:38.442003 #8507]  INFO -- : 0:  redcarpet (2.3.0) from /var/lib/gems/1.9.1/specifications/redcarpet-2.3.0.gemspec
I, [2014-01-08T10:34:40.469120 #8507]  INFO -- : 0:  safe_yaml (0.9.7) from /var/lib/gems/1.9.1/specifications/safe_yaml-0.9.7.gemspec
I, [2014-01-08T10:34:42.928567 #8507]  INFO -- : 0:  parslet (1.5.0) from /var/lib/gems/1.9.1/specifications/parslet-1.5.0.gemspec
I, [2014-01-08T10:34:44.915744 #8507]  INFO -- : 0:  toml (0.1.0) from /var/lib/gems/1.9.1/specifications/toml-0.1.0.gemspec
I, [2014-01-08T10:34:53.288537 #8507]  INFO -- : 0:  jekyll (1.4.2) from /var/lib/gems/1.9.1/specifications/jekyll-1.4.2.gemspec
I, [2014-01-08T10:35:01.713377 #8507]  INFO -- : 0:  kramdown (1.2.0) from /var/lib/gems/1.9.1/specifications/kramdown-1.2.0.gemspec
I, [2014-01-08T10:35:07.069982 #8507]  INFO -- : 0:  rdiscount (2.1.7) from /var/lib/gems/1.9.1/specifications/rdiscount-2.1.7.gemspec
I, [2014-01-08T10:35:09.133609 #8507]  INFO -- : 0:  github-pages (12) from /var/lib/gems/1.9.1/specifications/github-pages-12.gemspec
I, [2014-01-08T10:35:09.134794 #8507]  INFO -- : 0:  bundler (1.5.1) from /var/lib/gems/1.9.1/specifications/bundler-1.5.1.gemspec
